<?xml version="1.0" encoding="UTF-8"?>
<!-- Generated by org.testng.reporters.JUnitReportReporter -->
<testsuite hostname="Sampada" failures="0" tests="3" name="com.formyproject.tests.FormyTest" time="23.116" errors="0" timestamp="2025-04-08T06:11:45 GMT-04:00" skipped="0">
  <testcase classname="com.formyproject.tests.FormyTest" name="testCheckbox" time="5.134"/>
  <system-out/>
  <testcase classname="com.formyproject.tests.FormyTest" name="testFormSubmission" time="10.852"/>
  <system-out/>
  <testcase classname="com.formyproject.tests.FormyTest" name="testAutoCompleteForm" time="7.130"/>
  <system-out/>
</testsuite> <!-- com.formyproject.tests.FormyTest -->
